<?xml version="1.0" encoding="UTF-8" standalone="no"?>
<testsuite errors="0" failures="1" name="io.cucumber.core.plugin.JUnitFormatter" skipped="0" tests="1" time="20.436">
    <testcase classname="Verify the login functionality of Flipkart website" name="Verify the login functionality is working as expected" time="20.171">
        <failure message="Login failed, Test case failed" type="java.lang.AssertionError">
            <![CDATA[Given The user has navigated to the Flipkart home Page......................passed
And The user clicks on the Login link.......................................passed
When The user enters the "bWFpbC5qYXRpbnRAZ21haWwuY29tOkpANzFuVGhhY2s=".....passed
And The user clicks on the login button.....................................passed
Then The login should be "successful".......................................failed

StackTrace:
java.lang.AssertionError: Login failed, Test case failed
	at org.junit.Assert.fail(Assert.java:89)
	at stepDefinition.FlipkartLoginSteps.the_login_should_be(FlipkartLoginSteps.java:65)
	at âœ½.The login should be "successful"(file:///home/jatin/git/flipkart/FlipkartRegression/src/test/resources/scenarios/FlipkartLogin.feature:11)
]]>
        </failure>
    </testcase>
</testsuite>
